<?xml version="1.0" encoding="UTF-8"?>
<!-- Generated by org.testng.reporters.JUnitReportReporter -->
<testsuite hostname="irfan.mshome.net" failures="0" tests="2" name="tests.LoginTest" time="8.666" errors="0" timestamp="2025-06-27T23:58:31 CEST" skipped="0">
  <testcase classname="tests.LoginTest" name="testLogin" time="2.632"/>
  <testcase classname="tests.LoginTest" name="testLogin" time="6.034"/>
</testsuite> <!-- tests.LoginTest -->
