<?xml version="1.0" encoding="UTF-8"?>
<!-- Generated by org.testng.reporters.JUnitReportReporter -->
<testsuite hostname="irfan.local" failures="0" tests="1" name="tests.ProductTest" time="6.822" errors="0" timestamp="2025-06-26T17:25:24 CEST" skipped="0">
  <testcase classname="tests.ProductTest" name="productVisibilityTest" time="6.822"/>
</testsuite> <!-- tests.ProductTest -->
