<?xml version="1.0" encoding="UTF-8"?>
<!-- Generated by org.testng.reporters.JUnitReportReporter -->
<testsuite hostname="irfan.local" failures="0" tests="1" name="testRunner.Runner" time="15.153" errors="0" timestamp="2025-07-04T14:52:14 CEST" skipped="0">
  <testcase classname="testRunner.Runner" name="runScenario" time="15.153"/>
</testsuite> <!-- testRunner.Runner -->
