<?xml version="1.0" encoding="UTF-8"?>
<!-- Generated by org.testng.reporters.JUnitReportReporter -->
<testsuite hostname="irfan.local" failures="0" tests="3" name="FirstTest" time="0.012" errors="0" timestamp="2025-06-26T16:56:09 CEST" skipped="0">
  <testcase classname="FirstTest" name="testCheckout" time="0.001"/>
  <testcase classname="FirstTest" name="testLogin" time="0.001"/>
  <testcase classname="FirstTest" name="testAddToCart" time="0.010"/>
</testsuite> <!-- FirstTest -->
