<?xml version="1.0" encoding="UTF-8"?>
<!-- Generated by org.testng.reporters.JUnitReportReporter -->
<testsuite hostname="irfan.local" failures="0" tests="1" name="LoginTest" time="0.011" errors="0" timestamp="2025-06-30T15:15:02 CEST" skipped="0">
  <testcase classname="LoginTest" name="loginTest" time="0.011"/>
</testsuite> <!-- LoginTest -->
